Build started 10/6/2015 6:47:50 PM.
     1>Project "C:\Users\ahoff_000\Desktop\MS_Project\MS_Project\MS_Project.vcxproj" on node 2 (Build target(s)).
     1>ClCompile:
         C:\Program Files (x86)\Microsoft Visual Studio 12.0\VC\bin\CL.exe /c /ZI /nologo /W3 /WX- /sdl /Od /Oy- /D WIN32 /D _DEBUG /D _CONSOLE /D _LIB /D _UNICODE /D UNICODE /Gm /EHsc /RTC1 /MDd /GS /fp:precise /Zc:wchar_t /Zc:forScope /Fo"Debug\\" /Fd"Debug\vc120.pdb" /Gd /TP /analyze- /errorReport:prompt AStar.cc AStarNode.cc ClosedList.cc Tests.cc
         AStarNode.cc
         AStar.cc
     1>c:\users\ahoff_000\desktop\ms_project\ms_project\astar.cc(23): warning C4150: deletion of pointer to incomplete type 'ClosedList'; no destructor called
                 c:\users\ahoff_000\desktop\ms_project\ms_project\astar.h(11) : see declaration of 'ClosedList'
     1>c:\users\ahoff_000\desktop\ms_project\ms_project\astar.cc(30): warning C4150: deletion of pointer to incomplete type 'AStarNode'; no destructor called
                 c:\users\ahoff_000\desktop\ms_project\ms_project\astar.h(10) : see declaration of 'AStarNode'
     1>c:\program files (x86)\microsoft visual studio 12.0\vc\include\xutility(521): error C2664: 'bool std::greater<AStarNode>::operator ()(const _Ty &,const _Ty &) const' : cannot convert argument 1 from 'AStarNode *' to 'const AStarNode &'
                 with
                 [
                     _Ty=AStarNode
                 ]
                 Reason: cannot convert from 'AStarNode *' to 'const AStarNode'
                 Source or target has incomplete type
                 c:\program files (x86)\microsoft visual studio 12.0\vc\include\algorithm(2288) : see reference to function template instantiation 'bool std::_Debug_lt_pred<_Pr,AStarNode*&,AStarNode*&>(_Pr,_Ty1,_Ty2,std::_Dbfile_t,std::_Dbline_t)' being compiled
                 with
                 [
                     _Pr=std::greater<AStarNode>
         ,            _Ty1=AStarNode *&
         ,            _Ty2=AStarNode *&
                 ]
                 c:\program files (x86)\microsoft visual studio 12.0\vc\include\algorithm(2424) : see reference to function template instantiation 'void std::_Debug_heap<AStarNode**,_Pr>(_RanIt,_RanIt,_Pr)' being compiled
                 with
                 [
                     _Pr=std::greater<AStarNode>
         ,            _RanIt=AStarNode **
                 ]
                 c:\program files (x86)\microsoft visual studio 12.0\vc\include\queue(424) : see reference to function template instantiation 'void std::pop_heap<std::_Vector_iterator<std::_Vector_val<std::_Simple_types<AStarNode *>>>,_Pr>(_RanIt,_RanIt,_Pr)' being compiled
                 with
                 [
                     _Pr=std::greater<AStarNode>
         ,            _RanIt=std::_Vector_iterator<std::_Vector_val<std::_Simple_types<AStarNode *>>>
                 ]
                 c:\program files (x86)\microsoft visual studio 12.0\vc\include\queue(423) : while compiling class template member function 'void std::priority_queue<AStarNode *,std::vector<AStarNode *,std::allocator<_Ty>>,std::greater<AStarNode>>::pop(void)'
                 with
                 [
                     _Ty=AStarNode *
                 ]
                 c:\users\ahoff_000\desktop\ms_project\ms_project\astar.cc(31) : see reference to function template instantiation 'void std::priority_queue<AStarNode *,std::vector<AStarNode *,std::allocator<_Ty>>,std::greater<AStarNode>>::pop(void)' being compiled
                 with
                 [
                     _Ty=AStarNode *
                 ]
                 c:\users\ahoff_000\desktop\ms_project\ms_project\astar.h(52) : see reference to class template instantiation 'std::priority_queue<AStarNode *,std::vector<AStarNode *,std::allocator<_Ty>>,std::greater<AStarNode>>' being compiled
                 with
                 [
                     _Ty=AStarNode *
                 ]
     1>c:\program files (x86)\microsoft visual studio 12.0\vc\include\xutility(523): error C2664: 'bool std::greater<AStarNode>::operator ()(const _Ty &,const _Ty &) const' : cannot convert argument 1 from 'AStarNode *' to 'const AStarNode &'
                 with
                 [
                     _Ty=AStarNode
                 ]
                 Reason: cannot convert from 'AStarNode *' to 'const AStarNode'
                 Source or target has incomplete type
         Generating Code...
         Skipping... (no relevant changes detected)
         Tests.cc
         ClosedList.cc
     1>Done Building Project "C:\Users\ahoff_000\Desktop\MS_Project\MS_Project\MS_Project.vcxproj" (Build target(s)) -- FAILED.

Build FAILED.

Time Elapsed 00:00:03.04
